  glad.c
  Object.cpp
  Origem.cpp
  SceneManager.cpp
D:\Studying\Repositórios - GitHub\GameClass_OpenGL\HelloTilesIso\Hello-TilesIso\SceneManager.cpp(11,12): warning C4244: 'argumento': conversão de 'time_t' para 'unsigned int', possível perda de dados
D:\Studying\Repositórios - GitHub\GameClass_OpenGL\HelloTilesIso\Hello-TilesIso\SceneManager.cpp(236,12): warning C4244: 'inicializando': conversão de 'double' para 'float', possível perda de dados
D:\Studying\Repositórios - GitHub\GameClass_OpenGL\HelloTilesIso\Hello-TilesIso\SceneManager.cpp(237,12): warning C4244: 'inicializando': conversão de 'double' para 'float', possível perda de dados
D:\Studying\Repositórios - GitHub\GameClass_OpenGL\HelloTilesIso\Hello-TilesIso\SceneManager.cpp(245,10): warning C4244: 'inicializando': conversão de 'double' para 'float', possível perda de dados
D:\Studying\Repositórios - GitHub\GameClass_OpenGL\HelloTilesIso\Hello-TilesIso\SceneManager.cpp(246,10): warning C4244: 'inicializando': conversão de 'double' para 'float', possível perda de dados
  Shader.cpp
  Sprite.cpp
D:\Studying\Repositórios - GitHub\GameClass_OpenGL\HelloTilesIso\Hello-TilesIso\Sprite.cpp(20,17): warning C4244: '=': conversão de 'double' para 'T', possível perda de dados
          with
          [
              T=float
          ]
D:\Studying\Repositórios - GitHub\GameClass_OpenGL\HelloTilesIso\Hello-TilesIso\Sprite.cpp(21,17): warning C4244: '=': conversão de 'double' para 'T', possível perda de dados
          with
          [
              T=float
          ]
  stb_image.cpp
  TileIso.cpp
D:\Studying\Repositórios - GitHub\GameClass_OpenGL\HelloTilesIso\Hello-TilesIso\TileIso.cpp(8,23): warning C4244: '=': conversão de 'double' para 'T', possível perda de dados
          with
          [
              T=float
          ]
D:\Studying\Repositórios - GitHub\GameClass_OpenGL\HelloTilesIso\Hello-TilesIso\TileIso.cpp(9,23): warning C4244: '=': conversão de 'double' para 'T', possível perda de dados
          with
          [
              T=float
          ]
D:\Studying\Repositórios - GitHub\GameClass_OpenGL\HelloTilesIso\Hello-TilesIso\TileIso.cpp(10,23): warning C4244: '=': conversão de 'double' para 'T', possível perda de dados
          with
          [
              T=float
          ]
D:\Studying\Repositórios - GitHub\GameClass_OpenGL\HelloTilesIso\Hello-TilesIso\TileIso.cpp(26,10): warning C4838: a conversão de 'double' em 'float' requer uma conversão de restrição
D:\Studying\Repositórios - GitHub\GameClass_OpenGL\HelloTilesIso\Hello-TilesIso\TileIso.cpp(26,10): warning C4244: 'inicializando': conversão de 'double' para 'float', possível perda de dados
D:\Studying\Repositórios - GitHub\GameClass_OpenGL\HelloTilesIso\Hello-TilesIso\TileIso.cpp(27,5): warning C4838: a conversão de 'double' em 'float' requer uma conversão de restrição
D:\Studying\Repositórios - GitHub\GameClass_OpenGL\HelloTilesIso\Hello-TilesIso\TileIso.cpp(27,5): warning C4244: 'inicializando': conversão de 'double' para 'float', possível perda de dados
D:\Studying\Repositórios - GitHub\GameClass_OpenGL\HelloTilesIso\Hello-TilesIso\TileIso.cpp(28,9): warning C4838: a conversão de 'double' em 'float' requer uma conversão de restrição
D:\Studying\Repositórios - GitHub\GameClass_OpenGL\HelloTilesIso\Hello-TilesIso\TileIso.cpp(28,9): warning C4244: 'inicializando': conversão de 'double' para 'float', possível perda de dados
D:\Studying\Repositórios - GitHub\GameClass_OpenGL\HelloTilesIso\Hello-TilesIso\TileIso.cpp(29,5): warning C4838: a conversão de 'double' em 'float' requer uma conversão de restrição
D:\Studying\Repositórios - GitHub\GameClass_OpenGL\HelloTilesIso\Hello-TilesIso\TileIso.cpp(29,5): warning C4244: 'inicializando': conversão de 'double' para 'float', possível perda de dados
  Gerando Código...
LINK : warning LNK4098: defaultlib 'MSVCRT' conflita com uso de outras bibliotecas; use /NODEFAULTLIB:library
  Hello-TilesIso.vcxproj -> D:\Studying\Repositórios - GitHub\GameClass_OpenGL\HelloTilesIso\Debug\Hello-TilesIso.exe
